<?xml version='1.0' encoding='UTF-8'?>
<testsuite hostname="nagas-MacBook-Pro.local" name="runner.TestRunner" tests="1" errors="0" failures="0" skipped="0" time="5.749" timestamp="2024-11-21T09:32:44">
          <properties>
[...]
</properties>
          <testcase classname="runner.TestRunner" name="EMPTY_NAME.Login and add highest price item to the cart without using sort functionality" time="5.749">
                      
                    </testcase>
          <system-out><![CDATA[]]></system-out>
          <system-err><![CDATA[]]></system-err>
        </testsuite>